<?xml version="1.0" encoding="UTF-8"?>
<testsuite xmlns:xsi="http://www.w3.org/2001/XMLSchema-instance" xsi:noNamespaceSchemaLocation="https://maven.apache.org/surefire/maven-surefire-plugin/xsd/surefire-test-report-3.0.xsd" version="3.0" name="driverFactory.AppTest" time="143.001" tests="1" errors="0" skipped="0" failures="0">
  <properties>
[...]
</properties>
  <testcase name="startTest" classname="driverFactory.AppTest" time="133.537">
    <system-out><![CDATA[No of rows are::8
Customer Number Matching::Customer-00000001538       Customer-00000001538
Customer Number Matching::Customer-00000001539       Customer-00000001539
Customer Number Matching::Customer-00000001540       Customer-00000001540
Customer Number Matching::Customer-00000001541       Customer-00000001541
Customer Number Matching::Customer-00000001542       Customer-00000001542
Customer Number Matching::Customer-00000001543       Customer-00000001543
Customer Number Matching::Customer-00000001544       Customer-00000001544
Customer Number Matching::Customer-00000001545       Customer-00000001545
]]></system-out>
    <system-err><![CDATA[SLF4J(W): No SLF4J providers were found.
SLF4J(W): Defaulting to no-operation (NOP) logger implementation
SLF4J(W): See https://www.slf4j.org/codes.html#noProviders for further details.
Feb 12, 2024 10:46:15 AM org.openqa.selenium.devtools.CdpVersionFinder findNearestMatch
WARNING: Unable to find an exact match for CDP version 121, returning the closest version; found: 120; Please update to a Selenium version that supports CDP version 121
ERROR StatusLogger Log4j2 could not find a logging implementation. Please add log4j-core to the classpath. Using SimpleLogger to log to the console...
log4j:WARN No appenders could be found for logger (freemarker.cache).
log4j:WARN Please initialize the log4j system properly.
log4j:WARN See http://logging.apache.org/log4j/1.2/faq.html#noconfig for more info.
]]></system-err>
  </testcase>
</testsuite>