<?xml version="1.0" encoding="UTF-8"?>
<testng-results ignored="0" total="1" passed="1" failed="0" skipped="0">
  <reporter-output>
    <line>
      <![CDATA[No of rows are::8]]>
    </line>
    <line>
      <![CDATA[Customer Number Matching::Customer-00000001538       Customer-00000001538]]>
    </line>
    <line>
      <![CDATA[Customer Number Matching::Customer-00000001539       Customer-00000001539]]>
    </line>
    <line>
      <![CDATA[Customer Number Matching::Customer-00000001540       Customer-00000001540]]>
    </line>
    <line>
      <![CDATA[Customer Number Matching::Customer-00000001541       Customer-00000001541]]>
    </line>
    <line>
      <![CDATA[Customer Number Matching::Customer-00000001542       Customer-00000001542]]>
    </line>
    <line>
      <![CDATA[Customer Number Matching::Customer-00000001543       Customer-00000001543]]>
    </line>
    <line>
      <![CDATA[Customer Number Matching::Customer-00000001544       Customer-00000001544]]>
    </line>
    <line>
      <![CDATA[Customer Number Matching::Customer-00000001545       Customer-00000001545]]>
    </line>
  </reporter-output>
  <suite started-at="2024-02-12T10:46:12 IST" name="Surefire suite" finished-at="2024-02-12T10:48:34 IST" duration-ms="142126">
    <groups>
    </groups>
    <test started-at="2024-02-12T10:46:12 IST" name="Surefire test" finished-at="2024-02-12T10:48:34 IST" duration-ms="142126">
      <class name="driverFactory.AppTest">
        <test-method is-config="true" signature="setUp()[pri:0, instance:driverFactory.AppTest@7ea9e1e2]" started-at="2024-02-12T10:46:12 IST" name="setUp" finished-at="2024-02-12T10:46:19 IST" duration-ms="6897" status="PASS">
          <reporter-output>
          </reporter-output>
        </test-method> <!-- setUp -->
        <test-method signature="startTest()[pri:0, instance:driverFactory.AppTest@7ea9e1e2]" started-at="2024-02-12T10:46:19 IST" name="startTest" finished-at="2024-02-12T10:48:33 IST" duration-ms="133532" status="PASS">
          <reporter-output>
            <line>
              <![CDATA[No of rows are::8]]>
            </line>
            <line>
              <![CDATA[Customer Number Matching::Customer-00000001538       Customer-00000001538]]>
            </line>
            <line>
              <![CDATA[Customer Number Matching::Customer-00000001539       Customer-00000001539]]>
            </line>
            <line>
              <![CDATA[Customer Number Matching::Customer-00000001540       Customer-00000001540]]>
            </line>
            <line>
              <![CDATA[Customer Number Matching::Customer-00000001541       Customer-00000001541]]>
            </line>
            <line>
              <![CDATA[Customer Number Matching::Customer-00000001542       Customer-00000001542]]>
            </line>
            <line>
              <![CDATA[Customer Number Matching::Customer-00000001543       Customer-00000001543]]>
            </line>
            <line>
              <![CDATA[Customer Number Matching::Customer-00000001544       Customer-00000001544]]>
            </line>
            <line>
              <![CDATA[Customer Number Matching::Customer-00000001545       Customer-00000001545]]>
            </line>
          </reporter-output>
        </test-method> <!-- startTest -->
        <test-method is-config="true" signature="tearDown()[pri:0, instance:driverFactory.AppTest@7ea9e1e2]" started-at="2024-02-12T10:48:33 IST" name="tearDown" finished-at="2024-02-12T10:48:34 IST" duration-ms="1530" status="PASS">
          <reporter-output>
          </reporter-output>
        </test-method> <!-- tearDown -->
      </class> <!-- driverFactory.AppTest -->
    </test> <!-- Surefire test -->
  </suite> <!-- Surefire suite -->
</testng-results>
